Compiling 5 files (.ex)
warning: variable "opts" is unused (if the variable is not meant to be used, prefix it with an underscore)
    │
 24 │   def process_warning(warning, opts) do
    │                               ~~~~
    │
    └─ lib/warnex/processor.ex:24:31

warning: unused alias Logger
    │
  3 │   alias Warnex.Logger
    │   ~
    │
    └─ lib/warnex/parser.ex:3:3

warning: function parse_warning/1 is unused
    │
 89 │   defp parse_warning(content) do
    │        ~
    │
    └─ lib/warnex/formatter.ex:89:8

Generated warnex app
